This is pdfTeX, Version 3.141592653-2.6-1.40.24 (TeX Live 2022) (preloaded format=pdflatex 2022.12.2)  7 DEC 2024 00:36
entering extended mode
 restricted \write18 enabled.
 file:line:error style messages enabled.
 %&-line parsing enabled.
**c:/Users/sonda/Downloads/animation-dsl/paper/paper.tex
(c:/Users/sonda/Downloads/animation-dsl/paper/paper.tex
LaTeX2e <2022-11-01> patch level 1
L3 programming layer <2022-11-02>

! LaTeX Error: File `acmart.cls' not found.

Type X to quit or <RETURN> to proceed,
or enter new name. (Default extension: cls)

Enter file name: 
c:/Users/sonda/Downloads/animation-dsl/paper/paper.tex:2: Emergency stop.
<read *> 
         
l.2 \setcopyright
                 {none}^^M
*** (cannot \read from terminal in nonstop modes)

 
Here is how much of TeX's memory you used:
 25 strings out of 476928
 602 string characters out of 5823806
 337057 words of memory out of 5000000
 21375 multiletter control sequences out of 15000+600000
 469259 words of font info for 28 fonts, out of 8000000 for 9000
 14 hyphenation exceptions out of 8191
 19i,0n,29p,125b,17s stack positions out of 10000i,1000n,20000p,200000b,200000s
c:/Users/sonda/Downloads/animation-dsl/paper/paper.tex:2:  ==> Fatal error occurred, no output PDF file produced!
